<?xml version="1.0" encoding="UTF-8"?>
<testng-results skipped="0" failed="0" total="1" passed="1">
  <reporter-output>
  </reporter-output>
  <suite name="Suite" duration-ms="35" started-at="2018-03-06T14:20:38Z" finished-at="2018-03-06T14:20:38Z">
    <groups>
    </groups>
    <test name="Test" duration-ms="35" started-at="2018-03-06T14:20:38Z" finished-at="2018-03-06T14:20:38Z">
      <class name="jenkinsdemo.NewTest">
        <test-method status="PASS" signature="f()[pri:0, instance:jenkinsdemo.NewTest@38082d64]" name="f" duration-ms="16" started-at="2018-03-06T19:50:38Z" finished-at="2018-03-06T19:50:38Z">
          <reporter-output>
          </reporter-output>
        </test-method> <!-- f -->
      </class> <!-- jenkinsdemo.NewTest -->
    </test> <!-- Test -->
  </suite> <!-- Suite -->
</testng-results>
