<?xml version="1.0" encoding="UTF-8"?>
<testng-results skipped="0" failed="0" total="1" passed="1">
  <reporter-output>
  </reporter-output>
  <suite name="Suite" duration-ms="32" started-at="2018-03-06T13:12:01Z" finished-at="2018-03-06T13:12:01Z">
    <groups>
    </groups>
    <test name="Test" duration-ms="32" started-at="2018-03-06T13:12:01Z" finished-at="2018-03-06T13:12:01Z">
      <class name="jenkinsdemo.NewTest">
        <test-method status="PASS" signature="f()[pri:0, instance:jenkinsdemo.NewTest@5479e3f]" name="f" duration-ms="0" started-at="2018-03-06T18:42:01Z" finished-at="2018-03-06T18:42:01Z">
          <reporter-output>
          </reporter-output>
        </test-method> <!-- f -->
      </class> <!-- jenkinsdemo.NewTest -->
    </test> <!-- Test -->
  </suite> <!-- Suite -->
</testng-results>
